<?xml version="1.0" encoding="UTF-8"?>
<Site BuildName="(empty)"
	BuildStamp="20241002-2152-Experimental"
	Name="(empty)"
	Generator="ctest-3.30.4"
	CompilerName=""
	CompilerVersion=""
	OSName="macOS"
	Hostname="MacBook-Pro-Vladislav.local"
	OSRelease="14.5"
	OSVersion="23F79"
	OSPlatform="arm64"
	Is64Bits="1"
	VendorString="Apple"
	VendorID="Apple"
	FamilyID="0"
	ModelID="0"
	ProcessorCacheSize="131072"
	NumberOfLogicalCPU="8"
	NumberOfPhysicalCPU="8"
	TotalVirtualMemory="3072"
	TotalPhysicalMemory="8192"
	LogicalProcessorsPerPhysical="8"
	ProcessorClockFrequency="0"
	>
	<Testing>
		<StartDateTime>Oct 03 02:08 EEST</StartDateTime>
		<StartTestTime>1727910498</StartTestTime>
		<TestList>
			<Test>./test/labor5_1test</Test>
		</TestList>
		<Test Status="passed">
			<Name>labor5_1test</Name>
			<Path>./test</Path>
			<FullName>./test/labor5_1test</FullName>
			<FullCommandLine>/Users/vladislav/Desktop/foruniversity/AP/cds/lb5/Labw51/build/test/labor5_1test</FullCommandLine>
			<Results>
				<NamedMeasurement type="numeric/double" name="Execution Time">
					<Value>0.0141699</Value>
				</NamedMeasurement>
				<NamedMeasurement type="numeric/double" name="Processors">
					<Value>1</Value>
				</NamedMeasurement>
				<NamedMeasurement type="text/string" name="Completion Status">
					<Value>Completed</Value>
				</NamedMeasurement>
				<NamedMeasurement type="text/string" name="Command Line">
					<Value>/Users/vladislav/Desktop/foruniversity/AP/cds/lb5/Labw51/build/test/labor5_1test</Value>
				</NamedMeasurement>
				<NamedMeasurement type="text/string" name="Environment">
					<Value>#CTEST_RESOURCE_GROUP_COUNT=</Value>
				</NamedMeasurement>
				<Measurement>
					<Value encoding="base64" compression="gzip">eJx1Tj0LgzAU3P0Vb9Qlzw6OHQS7dRClk5QSYwyh+Sh50dJ/X8Ui7dBb7h7vjrtmck47BZZrl2YwBm8BLyQD4Wz4oMnwGStJ9+gfOPowOT0vTx1fWNYoBkLTF3jm/bM4oPJeGRklxW9JQaBa1W0tYUIk3XHHFZrPghxWD20TtgNo0guz38B/IwTuGKQ5WILoIzdZ0gHUZdueKoA9yZI31zlSpg==</Value>
				</Measurement>
			</Results>
		</Test>
		<EndDateTime>Oct 03 02:08 EEST</EndDateTime>
		<EndTestTime>1727910498</EndTestTime>
		<ElapsedMinutes>0</ElapsedMinutes>
	</Testing>
</Site>
